<?xml version="1.0" encoding="UTF-8"?>
<testng-results ignored="0" total="1" passed="1" failed="0" skipped="0">
  <reporter-output>
  </reporter-output>
  <suite started-at="2022-12-30T19:05:55 IST" name="Suite" finished-at="2022-12-30T19:06:28 IST" duration-ms="32594">
    <groups>
    </groups>
    <test started-at="2022-12-30T19:05:55 IST" name="Test" finished-at="2022-12-30T19:06:28 IST" duration-ms="32594">
      <class name="TestLogin.Login2Naukari">
        <test-method is-config="true" signature="Login2App()[pri:0, instance:TestLogin.Login2Naukari@647e447]" started-at="2022-12-30T19:05:55 IST" name="Login2App" finished-at="2022-12-30T19:06:02 IST" duration-ms="6288" status="PASS">
          <reporter-output>
          </reporter-output>
        </test-method> <!-- Login2App -->
        <test-method signature="Login2app()[pri:0, instance:TestLogin.Login2Naukari@647e447]" started-at="2022-12-30T19:06:02 IST" name="Login2app" finished-at="2022-12-30T19:06:28 IST" duration-ms="26245" status="PASS">
          <reporter-output>
          </reporter-output>
        </test-method> <!-- Login2app -->
        <test-method is-config="true" signature="logout(org.testng.ITestResult)[pri:0, instance:TestLogin.Login2Naukari@647e447]" started-at="2022-12-30T19:06:28 IST" name="logout" finished-at="2022-12-30T19:06:28 IST" duration-ms="5" status="PASS">
          <params>
            <param index="0">
              <value>
                <![CDATA[[TestResult name=Login2app status=SUCCESS method=Login2Naukari.Login2app()[pri:0, instance:TestLogin.Login2Naukari@647e447] output={null}]]]>
              </value>
            </param>
          </params>
          <reporter-output>
          </reporter-output>
        </test-method> <!-- logout -->
        <test-method is-config="true" signature="ClearAll()[pri:0, instance:TestLogin.Login2Naukari@647e447]" started-at="2022-12-30T19:06:28 IST" name="ClearAll" finished-at="2022-12-30T19:06:28 IST" duration-ms="0" status="PASS">
          <reporter-output>
          </reporter-output>
        </test-method> <!-- ClearAll -->
      </class> <!-- TestLogin.Login2Naukari -->
    </test> <!-- Test -->
  </suite> <!-- Suite -->
</testng-results>
