<?xml version="1.0" encoding="UTF-8"?>
<testng-results ignored="0" total="1" passed="1" failed="0" skipped="0">
  <reporter-output>
  </reporter-output>
  <suite started-at="2022-12-28T23:31:46 IST" name="Default suite" finished-at="2022-12-28T23:32:08 IST" duration-ms="21824">
    <groups>
    </groups>
    <test started-at="2022-12-28T23:31:46 IST" name="Default test" finished-at="2022-12-28T23:32:08 IST" duration-ms="21824">
      <class name="TestLogin.Login2Naukari">
        <test-method is-config="true" signature="Login2App()[pri:0, instance:TestLogin.Login2Naukari@478190fc]" started-at="2022-12-28T23:31:46 IST" name="Login2App" finished-at="2022-12-28T23:31:50 IST" duration-ms="4460" status="PASS">
          <reporter-output>
          </reporter-output>
        </test-method> <!-- Login2App -->
        <test-method signature="Login2app()[pri:0, instance:TestLogin.Login2Naukari@478190fc]" started-at="2022-12-28T23:31:50 IST" name="Login2app" finished-at="2022-12-28T23:32:08 IST" duration-ms="17326" status="PASS">
          <reporter-output>
          </reporter-output>
        </test-method> <!-- Login2app -->
        <test-method is-config="true" signature="logout(org.testng.ITestResult)[pri:0, instance:TestLogin.Login2Naukari@478190fc]" started-at="2022-12-28T23:32:08 IST" name="logout" finished-at="2022-12-28T23:32:08 IST" duration-ms="2" status="PASS">
          <params>
            <param index="0">
              <value>
                <![CDATA[[TestResult name=Login2app status=SUCCESS method=Login2Naukari.Login2app()[pri:0, instance:TestLogin.Login2Naukari@478190fc] output={null}]]]>
              </value>
            </param>
          </params>
          <reporter-output>
          </reporter-output>
        </test-method> <!-- logout -->
        <test-method is-config="true" signature="ClearAll()[pri:0, instance:TestLogin.Login2Naukari@478190fc]" started-at="2022-12-28T23:32:08 IST" name="ClearAll" finished-at="2022-12-28T23:32:08 IST" duration-ms="0" status="PASS">
          <reporter-output>
          </reporter-output>
        </test-method> <!-- ClearAll -->
      </class> <!-- TestLogin.Login2Naukari -->
    </test> <!-- Default test -->
  </suite> <!-- Default suite -->
</testng-results>
